49444 44 HI
441 44 HI
442 44 HI
445 44 HI
446 44 HI
447 44 HI
443 44 HI
414 44 HI
411 44 HI
412 44 HI
415 44 HI
416 44 HI
417 44 HI
413 44 HI
424 44 HI
421 44 HI
422 44 HI
425 44 HI
426 44 HI
427 44 HI
423 44 HI
454 44 HI
451 44 HI
452 44 HI
455 44 HI
456 44 HI
457 44 HI
453 44 HI
464 44 HI
461 44 HI
462 44 HI
465 44 HI
466 44 HI
467 44 HI
463 44 HI
474 44 HI
471 44 HI
472 44 HI
475 44 HI
476 44 HI
477 44 HI
473 44 HI
434 44 HI
431 44 HI
432 44 HI
435 44 HI
436 44 HI
437 44 HI
433 44 HI
144 44 HI
576 576 
144 41 HI
144 576 
141 44 HI
564 564 
142 44 HI
145 44 HI
146 44 HI
147 44 HI
143 44 HI
572 572 
114 44 HI
456 456 
111 44 HI
444 444 
112 44 HI
115 44 HI
116 44 HI
464 464 
117 44 HI
113 44 HI
452 452 
124 44 HI
121 44 HI
122 44 HI
125 44 HI
126 44 HI
127 44 HI
123 44 HI
154 44 HI
616 616 
154 41 HI
154 616 
154 42 HI
151 44 HI
152 44 HI
155 44 HI
156 44 HI
624 624 
157 44 HI
153 44 HI
612 612 
153 41 HI
153 612 
153 42 HI
164 44 HI
656 656 
164 41 HI
164 656 
164 42 HI
161 44 HI
644 644 
162 44 HI
165 44 HI
166 44 HI
664 664 
167 44 HI
163 44 HI
652 652 
163 41 HI
163 652 
174 44 HI
171 44 HI
172 44 HI
175 44 HI
176 44 HI
177 44 HI
173 44 HI
134 44 HI
536 536 
131 44 HI
524 524 
131 41 HI
131 524 
131 42 HI
262 524 
132 44 HI
135 44 HI
136 44 HI
544 544 
137 44 HI
133 44 HI
532 532 
244 44 HI
241 44 HI
242 44 HI
245 44 HI
246 44 HI
247 44 HI
243 44 HI
214 44 HI
211 44 HI
212 44 HI
215 44 HI
216 44 HI
217 44 HI
213 44 HI
224 44 HI
221 44 HI
222 44 HI
225 44 HI
226 44 HI
227 44 HI
223 44 HI
254 44 HI
251 44 HI
252 44 HI
255 44 HI
256 44 HI
257 44 HI
253 44 HI
264 44 HI
261 44 HI
262 44 HI
265 44 HI
266 44 HI
267 44 HI
263 44 HI
274 44 HI
271 44 HI
272 44 HI
275 44 HI
276 44 HI
277 44 HI
273 44 HI
234 44 HI
231 44 HI
232 44 HI
235 44 HI
236 44 HI
237 44 HI
233 44 HI
544 44 HI
541 44 HI
542 44 HI
545 44 HI
546 44 HI
547 44 HI
543 44 HI
514 44 HI
511 44 HI
512 44 HI
515 44 HI
516 44 HI
517 44 HI
513 44 HI
524 44 HI
521 44 HI
522 44 HI
525 44 HI
526 44 HI
527 44 HI
523 44 HI
554 44 HI
551 44 HI
552 44 HI
555 44 HI
556 44 HI
557 44 HI
553 44 HI
564 44 HI
561 44 HI
562 44 HI
565 44 HI
566 44 HI
567 44 HI
563 44 HI
574 44 HI
571 44 HI
572 44 HI
575 44 HI
576 44 HI
577 44 HI
573 44 HI
534 44 HI
531 44 HI
532 44 HI
535 44 HI
536 44 HI
537 44 HI
533 44 HI
644 44 HI
641 44 HI
642 44 HI
645 44 HI
646 44 HI
647 44 HI
643 44 HI
614 44 HI
611 44 HI
612 44 HI
615 44 HI
616 44 HI
617 44 HI
613 44 HI
624 44 HI
621 44 HI
622 44 HI
625 44 HI
626 44 HI
627 44 HI
623 44 HI
654 44 HI
651 44 HI
652 44 HI
655 44 HI
656 44 HI
657 44 HI
653 44 HI
664 44 HI
661 44 HI
662 44 HI
665 44 HI
666 44 HI
667 44 HI
663 44 HI
674 44 HI
671 44 HI
672 44 HI
675 44 HI
676 44 HI
677 44 HI
673 44 HI
634 44 HI
631 44 HI
632 44 HI
635 44 HI
636 44 HI
637 44 HI
633 44 HI
744 44 HI
741 44 HI
742 44 HI
745 44 HI
746 44 HI
747 44 HI
743 44 HI
714 44 HI
711 44 HI
712 44 HI
715 44 HI
716 44 HI
717 44 HI
713 44 HI
724 44 HI
721 44 HI
722 44 HI
725 44 HI
726 44 HI
727 44 HI
723 44 HI
754 44 HI
751 44 HI
752 44 HI
755 44 HI
756 44 HI
757 44 HI
753 44 HI
764 44 HI
761 44 HI
762 44 HI
765 44 HI
766 44 HI
767 44 HI
763 44 HI
774 44 HI
771 44 HI
772 44 HI
775 44 HI
776 44 HI
777 44 HI
773 44 HI
734 44 HI
731 44 HI
732 44 HI
735 44 HI
736 44 HI
737 44 HI
733 44 HI
344 44 HI
341 44 HI
342 44 HI
345 44 HI
346 44 HI
347 44 HI
343 44 HI
314 44 HI
311 44 HI
312 44 HI
315 44 HI
316 44 HI
317 44 HI
313 44 HI
324 44 HI
321 44 HI
322 44 HI
325 44 HI
326 44 HI
327 44 HI
323 44 HI
354 44 HI
351 44 HI
352 44 HI
355 44 HI
356 44 HI
357 44 HI
353 44 HI
364 44 HI
361 44 HI
362 44 HI
365 44 HI
366 44 HI
367 44 HI
363 44 HI
374 44 HI
371 44 HI
372 44 HI
375 44 HI
376 44 HI
377 44 HI
373 44 HI
334 44 HI
331 44 HI
332 44 HI
335 44 HI
336 44 HI
337 44 HI
333 44 HI
10
