cowName: 3 cowOutput: 532 milkChange: 32 highMilk: 500
cowName: 2 cowOutput: 521 milkChange: 21 highMilk: 532
cowName: 2 cowOutput: 553 milkChange: 32 highMilk: 532
cowName: 7 cowOutput: 487 milkChange: -13 highMilk: 553
cowName: 5 cowOutput: 519 milkChange: 19 highMilk: 553
cowName: 1 cowOutput: 485 milkChange: -15 highMilk: 553
cowName: 1 cowOutput: 515 milkChange: 30 highMilk: 553
cowName: 6 cowOutput: 521 milkChange: 21 highMilk: 553
cowName: 8 cowOutput: 484 milkChange: -16 highMilk: 553
cowName: 9 cowOutput: 511 milkChange: 11 highMilk: 553
cowName: 10 cowOutput: 529 milkChange: 29 highMilk: 553
cowName: 3 cowOutput: 547 milkChange: 15 highMilk: 553
cowName: 4 cowOutput: 514 milkChange: 14 highMilk: 553
cowName: 5 cowOutput: 523 milkChange: 4 highMilk: 553
cowName: 10 cowOutput: 517 milkChange: -12 highMilk: 553
cowName: 7 cowOutput: 512 milkChange: 25 highMilk: 553
cowName: 3 cowOutput: 533 milkChange: -14 highMilk: 553
cowName: 2 cowOutput: 567 milkChange: 14 highMilk: 553
cowName: 3 cowOutput: 560 milkChange: 27 highMilk: 553
cowName: 10 cowOutput: 519 milkChange: 2 highMilk: 560
cowName: 5 cowOutput: 544 milkChange: 21 highMilk: 560
cowName: 8 cowOutput: 497 milkChange: 13 highMilk: 560
cowName: 6 cowOutput: 523 milkChange: 2 highMilk: 560
cowName: 4 cowOutput: 533 milkChange: 19 highMilk: 560
cowName: 7 cowOutput: 514 milkChange: 2 highMilk: 560
cowName: 5 cowOutput: 554 milkChange: 10 highMilk: 560
cowName: 8 cowOutput: 501 milkChange: 4 highMilk: 560
cowName: 6 cowOutput: 549 milkChange: 26 highMilk: 560
cowName: 4 cowOutput: 547 milkChange: 14 highMilk: 560
cowName: 3 cowOutput: 568 milkChange: 8 highMilk: 560
cowName: 4 cowOutput: 552 milkChange: 5 highMilk: 560
cowName: 1 cowOutput: 541 milkChange: 26 highMilk: 560
cowName: 5 cowOutput: 584 milkChange: 30 highMilk: 560
cowName: 10 cowOutput: 529 milkChange: 10 highMilk: 584
cowName: 5 cowOutput: 617 milkChange: 33 highMilk: 584
cowName: 6 cowOutput: 558 milkChange: 9 highMilk: 584
cowName: 2 cowOutput: 557 milkChange: -10 highMilk: 584
cowName: 3 cowOutput: 592 milkChange: 24 highMilk: 584
cowName: 2 cowOutput: 588 milkChange: 31 highMilk: 592
cowName: 7 cowOutput: 508 milkChange: -6 highMilk: 592
5